This is pdfTeX, Version 3.141592653-2.6-1.40.22 (TeX Live 2021/W32TeX) (preloaded format=pdflatex 2021.11.16)  17 NOV 2021 12:38
entering extended mode
 restricted \write18 enabled.
 file:line:error style messages enabled.
 %&-line parsing enabled.
**c:/Users/Linhan/Documents/dev/giao/papers/writtings/proposal/Proposal001_qiao/Concordia_proposal.tex
(c:/Users/Linhan/Documents/dev/giao/papers/writtings/proposal/Proposal001_qiao/Concordia_proposal.tex
LaTeX2e <2020-10-01> patch level 4
L3 programming layer <2021-02-18> (c:/texlive/2021/texmf-dist/tex/latex/base/article.cls
Document Class: article 2020/04/10 v1.4m Standard LaTeX document class
(c:/texlive/2021/texmf-dist/tex/latex/base/size12.clo
File: size12.clo 2020/04/10 v1.4m Standard LaTeX file (size option)
)
\c@part=\count179
\c@section=\count180
\c@subsection=\count181
\c@subsubsection=\count182
\c@paragraph=\count183
\c@subparagraph=\count184
\c@figure=\count185
\c@table=\count186
\abovecaptionskip=\skip47
\belowcaptionskip=\skip48
\bibindent=\dimen138
) (c:/texlive/2021/texmf-dist/tex/latex/base/latexsym.sty
Package: latexsym 1998/08/17 v2.2e Standard LaTeX package (lasy symbols)
\symlasy=\mathgroup4
LaTeX Font Info:    Overwriting symbol font `lasy' in version `bold'
(Font)                  U/lasy/m/n --> U/lasy/b/n on input line 52.
) (c:/texlive/2021/texmf-dist/tex/latex/amsfonts/amssymb.sty
Package: amssymb 2013/01/14 v3.01 AMS font symbols
 (c:/texlive/2021/texmf-dist/tex/latex/amsfonts/amsfonts.sty
Package: amsfonts 2013/01/14 v3.01 Basic AMSFonts support
\@emptytoks=\toks15
\symAMSa=\mathgroup5
\symAMSb=\mathgroup6
LaTeX Font Info:    Redeclaring math symbol \hbar on input line 98.
LaTeX Font Info:    Overwriting math alphabet `\mathfrak' in version `bold'
(Font)                  U/euf/m/n --> U/euf/b/n on input line 106.
)) (c:/texlive/2021/texmf-dist/tex/latex/amsmath/amsmath.sty
Package: amsmath 2020/09/23 v2.17i AMS math features
\@mathmargin=\skip49

For additional information on amsmath, use the `?' option.
(c:/texlive/2021/texmf-dist/tex/latex/amsmath/amstext.sty
Package: amstext 2000/06/29 v2.01 AMS text
 (c:/texlive/2021/texmf-dist/tex/latex/amsmath/amsgen.sty
File: amsgen.sty 1999/11/30 v2.0 generic functions
\@emptytoks=\toks16
\ex@=\dimen139
)) (c:/texlive/2021/texmf-dist/tex/latex/amsmath/amsbsy.sty
Package: amsbsy 1999/11/29 v1.2d Bold Symbols
\pmbraise@=\dimen140
) (c:/texlive/2021/texmf-dist/tex/latex/amsmath/amsopn.sty
Package: amsopn 2016/03/08 v2.02 operator names
)
\inf@bad=\count187
LaTeX Info: Redefining \frac on input line 234.
\uproot@=\count188
\leftroot@=\count189
LaTeX Info: Redefining \overline on input line 399.
\classnum@=\count190
\DOTSCASE@=\count191
LaTeX Info: Redefining \ldots on input line 496.
LaTeX Info: Redefining \dots on input line 499.
LaTeX Info: Redefining \cdots on input line 620.
\Mathstrutbox@=\box47
\strutbox@=\box48
\big@size=\dimen141
LaTeX Font Info:    Redeclaring font encoding OML on input line 743.
LaTeX Font Info:    Redeclaring font encoding OMS on input line 744.
\macc@depth=\count192
\c@MaxMatrixCols=\count193
\dotsspace@=\muskip16
\c@parentequation=\count194
\dspbrk@lvl=\count195
\tag@help=\toks17
\row@=\count196
\column@=\count197
\maxfields@=\count198
\andhelp@=\toks18
\eqnshift@=\dimen142
\alignsep@=\dimen143
\tagshift@=\dimen144
\tagwidth@=\dimen145
\totwidth@=\dimen146
\lineht@=\dimen147
\@envbody=\toks19
\multlinegap=\skip50
\multlinetaggap=\skip51
\mathdisplay@stack=\toks20
LaTeX Info: Redefining \[ on input line 2923.
LaTeX Info: Redefining \] on input line 2924.
) (c:/texlive/2021/texmf-dist/tex/latex/graphics/graphicx.sty
Package: graphicx 2020/09/09 v1.2b Enhanced LaTeX Graphics (DPC,SPQR)
 (c:/texlive/2021/texmf-dist/tex/latex/graphics/keyval.sty
Package: keyval 2014/10/28 v1.15 key=value parser (DPC)
\KV@toks@=\toks21
) (c:/texlive/2021/texmf-dist/tex/latex/graphics/graphics.sty
Package: graphics 2020/08/30 v1.4c Standard LaTeX Graphics (DPC,SPQR)
 (c:/texlive/2021/texmf-dist/tex/latex/graphics/trig.sty
Package: trig 2016/01/03 v1.10 sin cos tan (DPC)
) (c:/texlive/2021/texmf-dist/tex/latex/graphics-cfg/graphics.cfg
File: graphics.cfg 2016/06/04 v1.11 sample graphics configuration
)
Package graphics Info: Driver file: pdftex.def on input line 105.
 (c:/texlive/2021/texmf-dist/tex/latex/graphics-def/pdftex.def
File: pdftex.def 2020/10/05 v1.2a Graphics/color driver for pdftex
))
\Gin@req@height=\dimen148
\Gin@req@width=\dimen149
) (c:/texlive/2021/texmf-dist/tex/latex/url/url.sty
\Urlmuskip=\muskip17
Package: url 2013/09/16  ver 3.4  Verb mode for urls, etc.
) (c:/texlive/2021/texmf-dist/tex/latex/mathtools/mathtools.sty
Package: mathtools 2021/03/18 v1.25 mathematical typesetting tools
 (c:/texlive/2021/texmf-dist/tex/latex/tools/calc.sty
Package: calc 2017/05/25 v4.3 Infix arithmetic (KKT,FJ)
\calc@Acount=\count199
\calc@Bcount=\count266
\calc@Adimen=\dimen150
\calc@Bdimen=\dimen151
\calc@Askip=\skip52
\calc@Bskip=\skip53
LaTeX Info: Redefining \setlength on input line 80.
LaTeX Info: Redefining \addtolength on input line 81.
\calc@Ccount=\count267
\calc@Cskip=\skip54
) (c:/texlive/2021/texmf-dist/tex/latex/mathtools/mhsetup.sty
Package: mhsetup 2021/03/18 v1.4 programming setup (MH)
)
LaTeX Info: Thecontrolsequence`\('isalreadyrobust on input line 130.
LaTeX Info: Thecontrolsequence`\)'isalreadyrobust on input line 130.
LaTeX Info: Thecontrolsequence`\['isalreadyrobust on input line 130.
LaTeX Info: Thecontrolsequence`\]'isalreadyrobust on input line 130.
\g_MT_multlinerow_int=\count268
\l_MT_multwidth_dim=\dimen152
\origjot=\skip55
\l_MT_shortvdotswithinadjustabove_dim=\dimen153
\l_MT_shortvdotswithinadjustbelow_dim=\dimen154
\l_MT_above_intertext_sep=\dimen155
\l_MT_below_intertext_sep=\dimen156
\l_MT_above_shortintertext_sep=\dimen157
\l_MT_below_shortintertext_sep=\dimen158
\xmathstrut@box=\box49
\xmathstrut@dim=\dimen159
) (c:/texlive/2021/texmf-dist/tex/latex/natbib/natbib.sty
Package: natbib 2010/09/13 8.31b (PWD, AO)
\bibhang=\skip56
\bibsep=\skip57
LaTeX Info: Redefining \cite on input line 694.
\c@NAT@ctr=\count269
) (c:/texlive/2021/texmf-dist/tex/latex/fancyhdr/fancyhdr.sty
Package: fancyhdr 2021/01/28 v4.0.1 Extensive control of page headers and footers
\f@nch@headwidth=\skip58
\f@nch@O@elh=\skip59
\f@nch@O@erh=\skip60
\f@nch@O@olh=\skip61
\f@nch@O@orh=\skip62
\f@nch@O@elf=\skip63
\f@nch@O@erf=\skip64
\f@nch@O@olf=\skip65
\f@nch@O@orf=\skip66
) (c:/texlive/2021/texmf-dist/tex/latex/pgf/frontendlayer/tikz.sty (c:/texlive/2021/texmf-dist/tex/latex/pgf/basiclayer/pgf.sty (c:/texlive/2021/texmf-dist/tex/latex/pgf/utilities/pgfrcs.sty (c:/texlive/2021/texmf-dist/tex/generic/pgf/utilities/pgfutil-common.tex
\pgfutil@everybye=\toks22
\pgfutil@tempdima=\dimen160
\pgfutil@tempdimb=\dimen161
 (c:/texlive/2021/texmf-dist/tex/generic/pgf/utilities/pgfutil-common-lists.tex)) (c:/texlive/2021/texmf-dist/tex/generic/pgf/utilities/pgfutil-latex.def
\pgfutil@abb=\box50
) (c:/texlive/2021/texmf-dist/tex/generic/pgf/utilities/pgfrcs.code.tex (c:/texlive/2021/texmf-dist/tex/generic/pgf/pgf.revision.tex)
Package: pgfrcs 2020/12/27 v3.1.8b (3.1.8b)
))
Package: pgf 2020/12/27 v3.1.8b (3.1.8b)
 (c:/texlive/2021/texmf-dist/tex/latex/pgf/basiclayer/pgfcore.sty (c:/texlive/2021/texmf-dist/tex/latex/pgf/systemlayer/pgfsys.sty (c:/texlive/2021/texmf-dist/tex/generic/pgf/systemlayer/pgfsys.code.tex
Package: pgfsys 2020/12/27 v3.1.8b (3.1.8b)
 (c:/texlive/2021/texmf-dist/tex/generic/pgf/utilities/pgfkeys.code.tex
\pgfkeys@pathtoks=\toks23
\pgfkeys@temptoks=\toks24
 (c:/texlive/2021/texmf-dist/tex/generic/pgf/utilities/pgfkeysfiltered.code.tex
\pgfkeys@tmptoks=\toks25
))
\pgf@x=\dimen162
\pgf@y=\dimen163
\pgf@xa=\dimen164
\pgf@ya=\dimen165
\pgf@xb=\dimen166
\pgf@yb=\dimen167
\pgf@xc=\dimen168
\pgf@yc=\dimen169
\pgf@xd=\dimen170
\pgf@yd=\dimen171
\w@pgf@writea=\write3
\r@pgf@reada=\read2
\c@pgf@counta=\count270
\c@pgf@countb=\count271
\c@pgf@countc=\count272
\c@pgf@countd=\count273
\t@pgf@toka=\toks26
\t@pgf@tokb=\toks27
\t@pgf@tokc=\toks28
\pgf@sys@id@count=\count274
 (c:/texlive/2021/texmf-dist/tex/generic/pgf/systemlayer/pgf.cfg
File: pgf.cfg 2020/12/27 v3.1.8b (3.1.8b)
)
Driver file for pgf: pgfsys-pdftex.def
 (c:/texlive/2021/texmf-dist/tex/generic/pgf/systemlayer/pgfsys-pdftex.def
File: pgfsys-pdftex.def 2020/12/27 v3.1.8b (3.1.8b)
 (c:/texlive/2021/texmf-dist/tex/generic/pgf/systemlayer/pgfsys-common-pdf.def
File: pgfsys-common-pdf.def 2020/12/27 v3.1.8b (3.1.8b)
))) (c:/texlive/2021/texmf-dist/tex/generic/pgf/systemlayer/pgfsyssoftpath.code.tex
File: pgfsyssoftpath.code.tex 2020/12/27 v3.1.8b (3.1.8b)
\pgfsyssoftpath@smallbuffer@items=\count275
\pgfsyssoftpath@bigbuffer@items=\count276
) (c:/texlive/2021/texmf-dist/tex/generic/pgf/systemlayer/pgfsysprotocol.code.tex
File: pgfsysprotocol.code.tex 2020/12/27 v3.1.8b (3.1.8b)
)) (c:/texlive/2021/texmf-dist/tex/latex/xcolor/xcolor.sty
Package: xcolor 2016/05/11 v2.12 LaTeX color extensions (UK)
 (c:/texlive/2021/texmf-dist/tex/latex/graphics-cfg/color.cfg
File: color.cfg 2016/01/02 v1.6 sample color configuration
)
Package xcolor Info: Driver file: pdftex.def on input line 225.
Package xcolor Info: Model `cmy' substituted by `cmy0' on input line 1348.
Package xcolor Info: Model `hsb' substituted by `rgb' on input line 1352.
Package xcolor Info: Model `RGB' extended on input line 1364.
Package xcolor Info: Model `HTML' substituted by `rgb' on input line 1366.
Package xcolor Info: Model `Hsb' substituted by `hsb' on input line 1367.
Package xcolor Info: Model `tHsb' substituted by `hsb' on input line 1368.
Package xcolor Info: Model `HSB' substituted by `hsb' on input line 1369.
Package xcolor Info: Model `Gray' substituted by `gray' on input line 1370.
Package xcolor Info: Model `wave' substituted by `hsb' on input line 1371.
) (c:/texlive/2021/texmf-dist/tex/generic/pgf/basiclayer/pgfcore.code.tex
Package: pgfcore 2020/12/27 v3.1.8b (3.1.8b)
 (c:/texlive/2021/texmf-dist/tex/generic/pgf/math/pgfmath.code.tex (c:/texlive/2021/texmf-dist/tex/generic/pgf/math/pgfmathcalc.code.tex (c:/texlive/2021/texmf-dist/tex/generic/pgf/math/pgfmathutil.code.tex) (c:/texlive/2021/texmf-dist/tex/generic/pgf/math/pgfmathparser.code.tex
\pgfmath@dimen=\dimen172
\pgfmath@count=\count277
\pgfmath@box=\box51
\pgfmath@toks=\toks29
\pgfmath@stack@operand=\toks30
\pgfmath@stack@operation=\toks31
) (c:/texlive/2021/texmf-dist/tex/generic/pgf/math/pgfmathfunctions.code.tex (c:/texlive/2021/texmf-dist/tex/generic/pgf/math/pgfmathfunctions.basic.code.tex) (c:/texlive/2021/texmf-dist/tex/generic/pgf/math/pgfmathfunctions.trigonometric.code.tex) (c:/texlive/2021/texmf-dist/tex/generic/pgf/math/pgfmathfunctions.random.code.tex) (c:/texlive/2021/texmf-dist/tex/generic/pgf/math/pgfmathfunctions.comparison.code.tex) (c:/texlive/2021/texmf-dist/tex/generic/pgf/math/pgfmathfunctions.base.code.tex) (c:/texlive/2021/texmf-dist/tex/generic/pgf/math/pgfmathfunctions.round.code.tex) (c:/texlive/2021/texmf-dist/tex/generic/pgf/math/pgfmathfunctions.misc.code.tex) (c:/texlive/2021/texmf-dist/tex/generic/pgf/math/pgfmathfunctions.integerarithmetics.code.tex))) (c:/texlive/2021/texmf-dist/tex/generic/pgf/math/pgfmathfloat.code.tex
\c@pgfmathroundto@lastzeros=\count278
)) (c:/texlive/2021/texmf-dist/tex/generic/pgf/math/pgfint.code.tex) (c:/texlive/2021/texmf-dist/tex/generic/pgf/basiclayer/pgfcorepoints.code.tex
File: pgfcorepoints.code.tex 2020/12/27 v3.1.8b (3.1.8b)
\pgf@picminx=\dimen173
\pgf@picmaxx=\dimen174
\pgf@picminy=\dimen175
\pgf@picmaxy=\dimen176
\pgf@pathminx=\dimen177
\pgf@pathmaxx=\dimen178
\pgf@pathminy=\dimen179
\pgf@pathmaxy=\dimen180
\pgf@xx=\dimen181
\pgf@xy=\dimen182
\pgf@yx=\dimen183
\pgf@yy=\dimen184
\pgf@zx=\dimen185
\pgf@zy=\dimen186
) (c:/texlive/2021/texmf-dist/tex/generic/pgf/basiclayer/pgfcorepathconstruct.code.tex
File: pgfcorepathconstruct.code.tex 2020/12/27 v3.1.8b (3.1.8b)
\pgf@path@lastx=\dimen187
\pgf@path@lasty=\dimen188
) (c:/texlive/2021/texmf-dist/tex/generic/pgf/basiclayer/pgfcorepathusage.code.tex
File: pgfcorepathusage.code.tex 2020/12/27 v3.1.8b (3.1.8b)
\pgf@shorten@end@additional=\dimen189
\pgf@shorten@start@additional=\dimen190
) (c:/texlive/2021/texmf-dist/tex/generic/pgf/basiclayer/pgfcorescopes.code.tex
File: pgfcorescopes.code.tex 2020/12/27 v3.1.8b (3.1.8b)
\pgfpic=\box52
\pgf@hbox=\box53
\pgf@layerbox@main=\box54
\pgf@picture@serial@count=\count279
) (c:/texlive/2021/texmf-dist/tex/generic/pgf/basiclayer/pgfcoregraphicstate.code.tex
File: pgfcoregraphicstate.code.tex 2020/12/27 v3.1.8b (3.1.8b)
\pgflinewidth=\dimen191
) (c:/texlive/2021/texmf-dist/tex/generic/pgf/basiclayer/pgfcoretransformations.code.tex
File: pgfcoretransformations.code.tex 2020/12/27 v3.1.8b (3.1.8b)
\pgf@pt@x=\dimen192
\pgf@pt@y=\dimen193
\pgf@pt@temp=\dimen194
) (c:/texlive/2021/texmf-dist/tex/generic/pgf/basiclayer/pgfcorequick.code.tex
File: pgfcorequick.code.tex 2020/12/27 v3.1.8b (3.1.8b)
) (c:/texlive/2021/texmf-dist/tex/generic/pgf/basiclayer/pgfcoreobjects.code.tex
File: pgfcoreobjects.code.tex 2020/12/27 v3.1.8b (3.1.8b)
) (c:/texlive/2021/texmf-dist/tex/generic/pgf/basiclayer/pgfcorepathprocessing.code.tex
File: pgfcorepathprocessing.code.tex 2020/12/27 v3.1.8b (3.1.8b)
) (c:/texlive/2021/texmf-dist/tex/generic/pgf/basiclayer/pgfcorearrows.code.tex
File: pgfcorearrows.code.tex 2020/12/27 v3.1.8b (3.1.8b)
\pgfarrowsep=\dimen195
) (c:/texlive/2021/texmf-dist/tex/generic/pgf/basiclayer/pgfcoreshade.code.tex
File: pgfcoreshade.code.tex 2020/12/27 v3.1.8b (3.1.8b)
\pgf@max=\dimen196
\pgf@sys@shading@range@num=\count280
\pgf@shadingcount=\count281
) (c:/texlive/2021/texmf-dist/tex/generic/pgf/basiclayer/pgfcoreimage.code.tex
File: pgfcoreimage.code.tex 2020/12/27 v3.1.8b (3.1.8b)
 (c:/texlive/2021/texmf-dist/tex/generic/pgf/basiclayer/pgfcoreexternal.code.tex
File: pgfcoreexternal.code.tex 2020/12/27 v3.1.8b (3.1.8b)
\pgfexternal@startupbox=\box55
)) (c:/texlive/2021/texmf-dist/tex/generic/pgf/basiclayer/pgfcorelayers.code.tex
File: pgfcorelayers.code.tex 2020/12/27 v3.1.8b (3.1.8b)
) (c:/texlive/2021/texmf-dist/tex/generic/pgf/basiclayer/pgfcoretransparency.code.tex
File: pgfcoretransparency.code.tex 2020/12/27 v3.1.8b (3.1.8b)
) (c:/texlive/2021/texmf-dist/tex/generic/pgf/basiclayer/pgfcorepatterns.code.tex
File: pgfcorepatterns.code.tex 2020/12/27 v3.1.8b (3.1.8b)
) (c:/texlive/2021/texmf-dist/tex/generic/pgf/basiclayer/pgfcorerdf.code.tex
File: pgfcorerdf.code.tex 2020/12/27 v3.1.8b (3.1.8b)
))) (c:/texlive/2021/texmf-dist/tex/generic/pgf/modules/pgfmoduleshapes.code.tex
File: pgfmoduleshapes.code.tex 2020/12/27 v3.1.8b (3.1.8b)
\pgfnodeparttextbox=\box56
) (c:/texlive/2021/texmf-dist/tex/generic/pgf/modules/pgfmoduleplot.code.tex
File: pgfmoduleplot.code.tex 2020/12/27 v3.1.8b (3.1.8b)
) (c:/texlive/2021/texmf-dist/tex/latex/pgf/compatibility/pgfcomp-version-0-65.sty
Package: pgfcomp-version-0-65 2020/12/27 v3.1.8b (3.1.8b)
\pgf@nodesepstart=\dimen197
\pgf@nodesepend=\dimen198
) (c:/texlive/2021/texmf-dist/tex/latex/pgf/compatibility/pgfcomp-version-1-18.sty
Package: pgfcomp-version-1-18 2020/12/27 v3.1.8b (3.1.8b)
)) (c:/texlive/2021/texmf-dist/tex/latex/pgf/utilities/pgffor.sty (c:/texlive/2021/texmf-dist/tex/latex/pgf/utilities/pgfkeys.sty (c:/texlive/2021/texmf-dist/tex/generic/pgf/utilities/pgfkeys.code.tex)) (c:/texlive/2021/texmf-dist/tex/latex/pgf/math/pgfmath.sty (c:/texlive/2021/texmf-dist/tex/generic/pgf/math/pgfmath.code.tex)) (c:/texlive/2021/texmf-dist/tex/generic/pgf/utilities/pgffor.code.tex
Package: pgffor 2020/12/27 v3.1.8b (3.1.8b)
 (c:/texlive/2021/texmf-dist/tex/generic/pgf/math/pgfmath.code.tex)
\pgffor@iter=\dimen199
\pgffor@skip=\dimen256
\pgffor@stack=\toks32
\pgffor@toks=\toks33
)) (c:/texlive/2021/texmf-dist/tex/generic/pgf/frontendlayer/tikz/tikz.code.tex
Package: tikz 2020/12/27 v3.1.8b (3.1.8b)
 (c:/texlive/2021/texmf-dist/tex/generic/pgf/libraries/pgflibraryplothandlers.code.tex
File: pgflibraryplothandlers.code.tex 2020/12/27 v3.1.8b (3.1.8b)
\pgf@plot@mark@count=\count282
\pgfplotmarksize=\dimen257
)
\tikz@lastx=\dimen258
\tikz@lasty=\dimen259
\tikz@lastxsaved=\dimen260
\tikz@lastysaved=\dimen261
\tikz@lastmovetox=\dimen262
\tikz@lastmovetoy=\dimen263
\tikzleveldistance=\dimen264
\tikzsiblingdistance=\dimen265
\tikz@figbox=\box57
\tikz@figbox@bg=\box58
\tikz@tempbox=\box59
\tikz@tempbox@bg=\box60
\tikztreelevel=\count283
\tikznumberofchildren=\count284
\tikznumberofcurrentchild=\count285
\tikz@fig@count=\count286
 (c:/texlive/2021/texmf-dist/tex/generic/pgf/modules/pgfmodulematrix.code.tex
File: pgfmodulematrix.code.tex 2020/12/27 v3.1.8b (3.1.8b)
\pgfmatrixcurrentrow=\count287
\pgfmatrixcurrentcolumn=\count288
\pgf@matrix@numberofcolumns=\count289
)
\tikz@expandcount=\count290
 (c:/texlive/2021/texmf-dist/tex/generic/pgf/frontendlayer/tikz/libraries/tikzlibrarytopaths.code.tex
File: tikzlibrarytopaths.code.tex 2020/12/27 v3.1.8b (3.1.8b)
))) (c:/texlive/2021/texmf-dist/tex/latex/was/upgreek.sty
Package: upgreek 2003/02/12 v2.0 (WaS)
Package upgreek Info: Using Euler Roman for upright Greek on input line 31.
\symugrf@m=\mathgroup7
LaTeX Font Info:    Overwriting symbol font `ugrf@m' in version `bold'
(Font)                  U/eur/m/n --> U/eur/b/n on input line 38.
) (c:/texlive/2021/texmf-dist/tex/latex/multirow/multirow.sty
Package: multirow 2021/03/15 v2.8 Span multiple rows of a table
\multirow@colwidth=\skip67
\multirow@cntb=\count291
\multirow@dima=\skip68
\bigstrutjot=\dimen266
) (c:/texlive/2021/texmf-dist/tex/latex/setspace/setspace.sty
Package: setspace 2011/12/19 v6.7a set line spacing
) (c:/texlive/2021/texmf-dist/tex/latex/datetime/datetime.sty
Package: datetime 2015/03/20 v2.60 Date Time Package
 (c:/texlive/2021/texmf-dist/tex/latex/etoolbox/etoolbox.sty
Package: etoolbox 2020/10/05 v2.5k e-TeX tools for LaTeX (JAW)
\etb@tempcnta=\count292
) (c:/texlive/2021/texmf-dist/tex/latex/fmtcount/fmtcount.sty
Package: fmtcount 2020/01/30 v3.07
 (c:/texlive/2021/texmf-dist/tex/latex/base/ifthen.sty
Package: ifthen 2014/09/29 v1.1c Standard LaTeX ifthen package (DPC)
) (c:/texlive/2021/texmf-dist/tex/latex/xkeyval/xkeyval.sty
Package: xkeyval 2020/11/20 v2.8 package option processing (HA)
 (c:/texlive/2021/texmf-dist/tex/generic/xkeyval/xkeyval.tex (c:/texlive/2021/texmf-dist/tex/generic/xkeyval/xkvutils.tex
\XKV@toks=\toks34
\XKV@tempa@toks=\toks35
)
\XKV@depth=\count293
File: xkeyval.tex 2014/12/03 v2.7a key=value parser (HA)
)) (c:/texlive/2021/texmf-dist/tex/latex/fmtcount/fcprefix.sty
Package: fcprefix 2012/09/28
 (c:/texlive/2021/texmf-dist/tex/latex/fmtcount/fcnumparser.sty
Package: fcnumparser 2017/06/15
\fc@digit@counter=\count294
))
\c@padzeroesN=\count295
\fc@tmpcatcode=\count296
\@DT@modctr=\count297
\@ordinalctr=\count298
\@orgargctr=\count299
\@strctr=\count300
\@tmpstrctr=\count301
\@DT@loopN=\count302
\@DT@X=\count303
) (c:/texlive/2021/texmf-dist/tex/latex/datetime/datetime-defaults.sty
Package: datetime-defaults 2013/09/10
)
\@day=\count304
\@month=\count305
\@year=\count306
\c@HOUR=\count307
\c@HOURXII=\count308
\c@MINUTE=\count309
\c@TOHOUR=\count310
\c@TOMINUTE=\count311
\c@SECOND=\count312
\currenthour=\count313
\currentminute=\count314
\currentsecond=\count315
Package datetime Info: No datetime.cfg file found, using default settings on input line 308.
\@dtctr=\count316
\dayofyear=\count317
\dayofweek=\count318
LaTeX Info: Redefining \today on input line 736.
\dt@a=\toks36
\dt@b=\toks37
) (c:/texlive/2021/texmf-dist/tex/latex/hyperref/hyperref.sty
Package: hyperref 2021-02-27 v7.00k Hypertext links for LaTeX
 (c:/texlive/2021/texmf-dist/tex/generic/ltxcmds/ltxcmds.sty
Package: ltxcmds 2020-05-10 v1.25 LaTeX kernel commands for general use (HO)
) (c:/texlive/2021/texmf-dist/tex/generic/iftex/iftex.sty
Package: iftex 2020/03/06 v1.0d TeX engine tests
) (c:/texlive/2021/texmf-dist/tex/generic/pdftexcmds/pdftexcmds.sty
Package: pdftexcmds 2020-06-27 v0.33 Utility functions of pdfTeX for LuaTeX (HO)
 (c:/texlive/2021/texmf-dist/tex/generic/infwarerr/infwarerr.sty
Package: infwarerr 2019/12/03 v1.5 Providing info/warning/error messages (HO)
)
Package pdftexcmds Info: \pdf@primitive is available.
Package pdftexcmds Info: \pdf@ifprimitive is available.
Package pdftexcmds Info: \pdfdraftmode found.
) (c:/texlive/2021/texmf-dist/tex/generic/kvsetkeys/kvsetkeys.sty
Package: kvsetkeys 2019/12/15 v1.18 Key value parser (HO)
) (c:/texlive/2021/texmf-dist/tex/generic/kvdefinekeys/kvdefinekeys.sty
Package: kvdefinekeys 2019-12-19 v1.6 Define keys (HO)
) (c:/texlive/2021/texmf-dist/tex/generic/pdfescape/pdfescape.sty
Package: pdfescape 2019/12/09 v1.15 Implements pdfTeX's escape features (HO)
) (c:/texlive/2021/texmf-dist/tex/latex/hycolor/hycolor.sty
Package: hycolor 2020-01-27 v1.10 Color options for hyperref/bookmark (HO)
) (c:/texlive/2021/texmf-dist/tex/latex/letltxmacro/letltxmacro.sty
Package: letltxmacro 2019/12/03 v1.6 Let assignment for LaTeX macros (HO)
) (c:/texlive/2021/texmf-dist/tex/latex/auxhook/auxhook.sty
Package: auxhook 2019-12-17 v1.6 Hooks for auxiliary files (HO)
) (c:/texlive/2021/texmf-dist/tex/latex/kvoptions/kvoptions.sty
Package: kvoptions 2020-10-07 v3.14 Key value format for package options (HO)
)
\@linkdim=\dimen267
\Hy@linkcounter=\count319
\Hy@pagecounter=\count320
 (c:/texlive/2021/texmf-dist/tex/latex/hyperref/pd1enc.def
File: pd1enc.def 2021-02-27 v7.00k Hyperref: PDFDocEncoding definition (HO)
Now handling font encoding PD1 ...
... no UTF-8 mapping file for font encoding PD1
) (c:/texlive/2021/texmf-dist/tex/latex/hyperref/hyperref-langpatches.def
File: hyperref-langpatches.def 2021-02-27 v7.00k Hyperref: patches for babel languages
) (c:/texlive/2021/texmf-dist/tex/generic/intcalc/intcalc.sty
Package: intcalc 2019/12/15 v1.3 Expandable calculations with integers (HO)
) (c:/texlive/2021/texmf-dist/tex/generic/etexcmds/etexcmds.sty
Package: etexcmds 2019/12/15 v1.7 Avoid name clashes with e-TeX commands (HO)
)
\Hy@SavedSpaceFactor=\count321
 (c:/texlive/2021/texmf-dist/tex/latex/hyperref/puenc.def
File: puenc.def 2021-02-27 v7.00k Hyperref: PDF Unicode definition (HO)
Now handling font encoding PU ...
... no UTF-8 mapping file for font encoding PU
)
Package hyperref Info: Option `colorlinks' set `true' on input line 4073.
Package hyperref Info: Hyper figures OFF on input line 4192.
Package hyperref Info: Link nesting OFF on input line 4197.
Package hyperref Info: Hyper index ON on input line 4200.
Package hyperref Info: Plain pages OFF on input line 4207.
Package hyperref Info: Backreferencing OFF on input line 4212.
Package hyperref Info: Implicit mode ON; LaTeX internals redefined.
Package hyperref Info: Bookmarks ON on input line 4445.
\c@Hy@tempcnt=\count322
LaTeX Info: Redefining \url on input line 4804.
\XeTeXLinkMargin=\dimen268
 (c:/texlive/2021/texmf-dist/tex/generic/bitset/bitset.sty
Package: bitset 2019/12/09 v1.3 Handle bit-vector datatype (HO)
 (c:/texlive/2021/texmf-dist/tex/generic/bigintcalc/bigintcalc.sty
Package: bigintcalc 2019/12/15 v1.5 Expandable calculations on big integers (HO)
))
\Fld@menulength=\count323
\Field@Width=\dimen269
\Fld@charsize=\dimen270
Package hyperref Info: Hyper figures OFF on input line 6075.
Package hyperref Info: Link nesting OFF on input line 6080.
Package hyperref Info: Hyper index ON on input line 6083.
Package hyperref Info: backreferencing OFF on input line 6090.
Package hyperref Info: Link coloring ON on input line 6093.
Package hyperref Info: Link coloring with OCG OFF on input line 6100.
Package hyperref Info: PDF/A mode OFF on input line 6105.
LaTeX Info: Redefining \ref on input line 6145.
LaTeX Info: Redefining \pageref on input line 6149.
 (c:/texlive/2021/texmf-dist/tex/latex/base/atbegshi-ltx.sty
Package: atbegshi-ltx 2020/08/17 v1.0a Emulation of the original atbegshi package
with kernel methods
)
\Hy@abspage=\count324
\c@Item=\count325
\c@Hfootnote=\count326
)
Package hyperref Info: Driver (autodetected): hpdftex.
 (c:/texlive/2021/texmf-dist/tex/latex/hyperref/hpdftex.def
File: hpdftex.def 2021-02-27 v7.00k Hyperref driver for pdfTeX
 (c:/texlive/2021/texmf-dist/tex/latex/base/atveryend-ltx.sty
Package: atveryend-ltx 2020/08/19 v1.0a Emulation of the original atvery package
with kernel methods
)
\Fld@listcount=\count327
\c@bookmark@seq@number=\count328
 (c:/texlive/2021/texmf-dist/tex/latex/rerunfilecheck/rerunfilecheck.sty
Package: rerunfilecheck 2019/12/05 v1.9 Rerun checks for auxiliary files (HO)
 (c:/texlive/2021/texmf-dist/tex/generic/uniquecounter/uniquecounter.sty
Package: uniquecounter 2019/12/15 v1.4 Provide unlimited unique counter (HO)
)
Package uniquecounter Info: New unique counter `rerunfilecheck' on input line 286.
)
\Hy@SectionHShift=\skip69
) (c:/texlive/2021/texmf-dist/tex/latex/tools/bm.sty
Package: bm 2019/07/24 v1.2d Bold Symbol Support (DPC/FMi)
\symboldoperators=\mathgroup8
\symboldletters=\mathgroup9
\symboldsymbols=\mathgroup10
\symboldlasy=\mathgroup11
LaTeX Font Info:    Redeclaring math alphabet \mathbf on input line 141.
LaTeX Info: Redefining \bm on input line 209.
) (c:/texlive/2021/texmf-dist/tex/latex/threeparttable/threeparttable.sty
Package: threeparttable 2003/06/13  v 3.0
\@tempboxb=\box61
) (c:/texlive/2021/texmf-dist/tex/latex/booktabs/booktabs.sty
Package: booktabs 2020/01/12 v1.61803398 Publication quality tables
\heavyrulewidth=\dimen271
\lightrulewidth=\dimen272
\cmidrulewidth=\dimen273
\belowrulesep=\dimen274
\belowbottomsep=\dimen275
\aboverulesep=\dimen276
\abovetopsep=\dimen277
\cmidrulesep=\dimen278
\cmidrulekern=\dimen279
\defaultaddspace=\dimen280
\@cmidla=\count329
\@cmidlb=\count330
\@aboverulesep=\dimen281
\@belowrulesep=\dimen282
\@thisruleclass=\count331
\@lastruleclass=\count332
\@thisrulewidth=\dimen283
) (c:/texlive/2021/texmf-dist/tex/latex/geometry/geometry.sty
Package: geometry 2020/01/02 v5.9 Page Geometry
 (c:/texlive/2021/texmf-dist/tex/generic/iftex/ifvtex.sty
Package: ifvtex 2019/10/25 v1.7 ifvtex legacy package. Use iftex instead.
)
\Gm@cnth=\count333
\Gm@cntv=\count334
\c@Gm@tempcnt=\count335
\Gm@bindingoffset=\dimen284
\Gm@wd@mp=\dimen285
\Gm@odd@mp=\dimen286
\Gm@even@mp=\dimen287
\Gm@layoutwidth=\dimen288
\Gm@layoutheight=\dimen289
\Gm@layouthoffset=\dimen290
\Gm@layoutvoffset=\dimen291
\Gm@dimlist=\toks38
) (c:/texlive/2021/texmf-dist/tex/latex/caption/subcaption.sty
Package: subcaption 2020/10/07 v1.3j Sub-captions (AR)
 (c:/texlive/2021/texmf-dist/tex/latex/caption/caption.sty
Package: caption 2020/10/26 v3.5g Customizing captions (AR)
 (c:/texlive/2021/texmf-dist/tex/latex/caption/caption3.sty
Package: caption3 2020/10/21 v2.2e caption3 kernel (AR)
\captionmargin=\dimen292
\captionmargin@=\dimen293
\captionwidth=\dimen294
\caption@tempdima=\dimen295
\caption@indent=\dimen296
\caption@parindent=\dimen297
\caption@hangindent=\dimen298
Package caption Info: Standard document class detected.
)
\c@caption@flags=\count336
\c@continuedfloat=\count337
Package caption Info: hyperref package is loaded.
Package caption Info: threeparttable package is loaded.
)
\c@subfigure=\count338
\c@subtable=\count339
) (c:/texlive/2021/texmf-dist/tex/latex/colortbl/colortbl.sty
Package: colortbl 2020/01/04 v1.0e Color table columns (DPC)
 (c:/texlive/2021/texmf-dist/tex/latex/tools/array.sty
Package: array 2020/10/01 v2.5c Tabular extension package (FMi)
\col@sep=\dimen299
\ar@mcellbox=\box62
\extrarowheight=\dimen300
\NC@list=\toks39
\extratabsurround=\skip70
\backup@length=\skip71
\ar@cellbox=\box63
)
\everycr=\toks40
\minrowclearance=\skip72
) (c:/texlive/2021/texmf-dist/tex/latex/algorithms/algorithm.sty
Package: algorithm 2009/08/24 v0.1 Document Style `algorithm' - floating environment
 (c:/texlive/2021/texmf-dist/tex/latex/float/float.sty
Package: float 2001/11/08 v1.3d Float enhancements (AL)
\c@float@type=\count340
\float@exts=\toks41
\float@box=\box64
\@float@everytoks=\toks42
\@floatcapt=\box65
)
\@float@every@algorithm=\toks43
\c@algorithm=\count341
) (c:/texlive/2021/texmf-dist/tex/latex/algorithms/algorithmic.sty
Package: algorithmic 2009/08/24 v0.1 Document Style `algorithmic'
\c@ALC@unique=\count342
\c@ALC@line=\count343
\c@ALC@rem=\count344
\c@ALC@depth=\count345
\ALC@tlm=\skip73
\algorithmicindent=\skip74
)
\@input{format.aux}
\openout2 = `format.aux'.

No file format.tex.
(c:/texlive/2021/texmf-dist/tex/latex/l3backend/l3backend-pdftex.def
File: l3backend-pdftex.def 2021-03-18 L3 backend support: PDF output (pdfTeX)
\l__color_backend_stack_int=\count346
\l__pdf_internal_box=\box66
)

LaTeX Warning: Unused global option(s):
    [letter].

(c:/Users/Linhan/Documents/dev/giao/papers/writtings/proposal/Proposal001_qiao/Concordia_proposal.aux)
\openout1 = `Concordia_proposal.aux'.

LaTeX Font Info:    Checking defaults for OML/cmm/m/it on input line 44.
LaTeX Font Info:    ... okay on input line 44.
LaTeX Font Info:    Checking defaults for OMS/cmsy/m/n on input line 44.
LaTeX Font Info:    ... okay on input line 44.
LaTeX Font Info:    Checking defaults for OT1/cmr/m/n on input line 44.
LaTeX Font Info:    ... okay on input line 44.
LaTeX Font Info:    Checking defaults for T1/cmr/m/n on input line 44.
LaTeX Font Info:    ... okay on input line 44.
LaTeX Font Info:    Checking defaults for TS1/cmr/m/n on input line 44.
LaTeX Font Info:    ... okay on input line 44.
LaTeX Font Info:    Checking defaults for OMX/cmex/m/n on input line 44.
LaTeX Font Info:    ... okay on input line 44.
LaTeX Font Info:    Checking defaults for U/cmr/m/n on input line 44.
LaTeX Font Info:    ... okay on input line 44.
LaTeX Font Info:    Checking defaults for PD1/pdf/m/n on input line 44.
LaTeX Font Info:    ... okay on input line 44.
LaTeX Font Info:    Checking defaults for PU/pdf/m/n on input line 44.
LaTeX Font Info:    ... okay on input line 44.
 (c:/texlive/2021/texmf-dist/tex/context/base/mkii/supp-pdf.mkii
[Loading MPS to PDF converter (version 2006.09.02).]
\scratchcounter=\count347
\scratchdimen=\dimen301
\scratchbox=\box67
\nofMPsegments=\count348
\nofMParguments=\count349
\everyMPshowfont=\toks44
\MPscratchCnt=\count350
\MPscratchDim=\dimen302
\MPnumerator=\count351
\makeMPintoPDFobject=\count352
\everyMPtoPDFconversion=\toks45
) (c:/texlive/2021/texmf-dist/tex/latex/epstopdf-pkg/epstopdf-base.sty
Package: epstopdf-base 2020-01-24 v2.11 Base part for package epstopdf
Package epstopdf-base Info: Redefining graphics rule for `.eps' on input line 485.
 (c:/texlive/2021/texmf-dist/tex/latex/latexconfig/epstopdf-sys.cfg
File: epstopdf-sys.cfg 2010/07/13 v1.3 Configuration of (r)epstopdf for TeX Live
)) (c:/texlive/2021/texmf-dist/tex/latex/fmtcount/fc-english.def
File: fc-english.def 2016/01/12
)
Package hyperref Info: Link coloring ON on input line 44.
 (c:/texlive/2021/texmf-dist/tex/latex/hyperref/nameref.sty
Package: nameref 2021-04-02 v2.47 Cross-referencing by name of section
 (c:/texlive/2021/texmf-dist/tex/latex/refcount/refcount.sty
Package: refcount 2019/12/15 v3.6 Data extraction from label references (HO)
) (c:/texlive/2021/texmf-dist/tex/generic/gettitlestring/gettitlestring.sty
Package: gettitlestring 2019/12/15 v1.6 Cleanup title references (HO)
)
\c@section@level=\count353
)
LaTeX Info: Redefining \ref on input line 44.
LaTeX Info: Redefining \pageref on input line 44.
LaTeX Info: Redefining \nameref on input line 44.
\@outlinefile=\write4
\openout4 = `Concordia_proposal.out'.


*geometry* driver: auto-detecting
*geometry* detected driver: pdftex
*geometry* verbose mode - [ preamble ] result:
* driver: pdftex
* paper: <default>
* layout: <same size as paper>
* layoutoffset:(h,v)=(0.0pt,0.0pt)
* modes: 
* h-part:(L,W,R)=(56.9055pt, 500.484pt, 56.9055pt)
* v-part:(T,H,B)=(56.9055pt, 681.15898pt, 56.9055pt)
* \paperwidth=614.295pt
* \paperheight=794.96999pt
* \textwidth=500.484pt
* \textheight=681.15898pt
* \oddsidemargin=-15.36449pt
* \evensidemargin=-15.36449pt
* \topmargin=-52.36449pt
* \headheight=12.0pt
* \headsep=25.0pt
* \topskip=12.0pt
* \footskip=30.0pt
* \marginparwidth=44.0pt
* \marginparsep=10.0pt
* \columnsep=10.0pt
* \skip\footins=10.8pt plus 4.0pt minus 2.0pt
* \hoffset=0.0pt
* \voffset=0.0pt
* \mag=1000
* \@twocolumnfalse
* \@twosidefalse
* \@mparswitchfalse
* \@reversemarginfalse
* (1in=72.27pt=25.4mm, 1cm=28.453pt)

Package caption Info: Begin \AtBeginDocument code.
Package caption Info: float package is loaded.
Package caption Info: End \AtBeginDocument code.
\openout2 = `./title/Title.aux'.

(c:/Users/Linhan/Documents/dev/giao/papers/writtings/proposal/Proposal001_qiao/./title/Title.tex
<./figs/Title.jpg, id=7, 2282.5275pt x 570.63188pt>
File: ./figs/Title.jpg Graphic file (type jpg)
<use ./figs/Title.jpg>
Package pdftex.def Info: ./figs/Title.jpg  used on input line 6.
(pdftex.def)             Requested size: 325.215pt x 81.29846pt.
LaTeX Font Info:    Trying to load font information for U+lasy on input line 23.
 (c:/texlive/2021/texmf-dist/tex/latex/base/ulasy.fd
File: ulasy.fd 1998/08/17 v2.2e LaTeX symbol font definitions
)
LaTeX Font Info:    Trying to load font information for U+msa on input line 23.
 (c:/texlive/2021/texmf-dist/tex/latex/amsfonts/umsa.fd
File: umsa.fd 2013/01/14 v3.01 AMS symbols A
)
LaTeX Font Info:    Trying to load font information for U+msb on input line 23.
 (c:/texlive/2021/texmf-dist/tex/latex/amsfonts/umsb.fd
File: umsb.fd 2013/01/14 v3.01 AMS symbols B
)
LaTeX Font Info:    Font shape `U/lasy/b/n' in size <7> not available
(Font)              Font shape `U/lasy/m/n' tried instead on input line 23.
 [1





{c:/texlive/2021/texmf-var/fonts/map/pdftex/updmap/pdftex.map} <c:/Users/Linhan/Documents/dev/giao/papers/writtings/proposal/Proposal001_qiao/./figs/Title.jpg>])
\openout2 = `./section/0_abstract.aux'.

 (c:/Users/Linhan/Documents/dev/giao/papers/writtings/proposal/Proposal001_qiao/./section/0_abstract.tex) [1



]
\tf@toc=\write5
\openout5 = `Concordia_proposal.toc'.

 [2


] (./section/1_introduction.tex

Package natbib Warning: Citation `tymstra2020wildfire' on page 1 undefined on input line 3.


Package natbib Warning: Citation `barrado2010wildfire' on page 1 undefined on input line 3.


Package natbib Warning: Citation `habiboglu2011real' on page 1 undefined on input line 4.


Package natbib Warning: Citation `ko2012wildfire' on page 1 undefined on input line 4.


Package natbib Warning: Citation `labati2013wildfire' on page 1 undefined on input line 4.


Package natbib Warning: Citation `aslan2019early' on page 1 undefined on input line 4.


Package natbib Warning: Citation `changchun2021research' on page 1 undefined on input line 4.


Package natbib Warning: Citation `liang2019neural' on page 1 undefined on input line 5.


Package natbib Warning: Citation `burge2020convolutional' on page 1 undefined on input line 5.

<figs/arrangement.png, id=29, 486.81876pt x 493.845pt>
File: figs/arrangement.png Graphic file (type png)
<use figs/arrangement.png>
Package pdftex.def Info: figs/arrangement.png  used on input line 8.
(pdftex.def)             Requested size: 170.71596pt x 170.71579pt.

LaTeX Warning: Reference `fig:arrangement' on page 1 undefined on input line 12.

[1 <c:/Users/Linhan/Documents/dev/giao/papers/writtings/proposal/Proposal001_qiao/figs/arrangement.png>]) (./section/2_related_works.tex

Package natbib Warning: Citation `li2019detection' on page 2 undefined on input line 21.


Package natbib Warning: Citation `park2020wildfire' on page 2 undefined on input line 21.


Package natbib Warning: Citation `he2016deep' on page 2 undefined on input line 21.


Package natbib Warning: Citation `huang2017densely' on page 2 undefined on input line 21.


Package natbib Warning: Citation `mommert2020characterization' on page 2 undefined on input line 21.


Package natbib Warning: Citation `lee2019deep' on page 2 undefined on input line 21.


Package natbib Warning: Citation `jeong2020light' on page 2 undefined on input line 21.


Package natbib Warning: Citation `peng2019real' on page 2 undefined on input line 23.


Package natbib Warning: Citation `zhang2021att' on page 2 undefined on input line 23.


Package natbib Warning: Citation `oktay2018attention' on page 2 undefined on input line 23.


Package natbib Warning: Citation `vaswani2017attention' on page 2 undefined on input line 23.


Package natbib Warning: Citation `zhang2018image' on page 2 undefined on input line 23.

[2]

Package natbib Warning: Citation `mueller2014large' on page 3 undefined on input line 27.


Package natbib Warning: Citation `alexandridis2008cellular' on page 3 undefined on input line 28.


Package natbib Warning: Citation `finney1999farsite' on page 3 undefined on input line 28.


Package natbib Warning: Citation `richards1995general' on page 3 undefined on input line 28.


Package natbib Warning: Citation `pastor2003mathematical' on page 3 undefined on input line 28.


Package natbib Warning: Citation `trunfio2004predicting' on page 3 undefined on input line 28.


Package natbib Warning: Citation `vakalis2004gis1' on page 3 undefined on input line 28.


Package natbib Warning: Citation `vakalis2004gis2' on page 3 undefined on input line 28.

<figs/figurepredictionmodel.png, id=42, 1444.39626pt x 565.11125pt>
File: figs/figurepredictionmodel.png Graphic file (type png)
<use figs/figurepredictionmodel.png>
Package pdftex.def Info: figs/figurepredictionmodel.png  used on input line 31.
(pdftex.def)             Requested size: 494.50438pt x 193.47873pt.

Package natbib Warning: Citation `zhai2020learning' on page 3 undefined on input line 35.


LaTeX Warning: Reference `fig:spreadmodel' on page 3 undefined on input line 36.


Package natbib Warning: Citation `radke2019firecast' on page 3 undefined on input line 36.


Package natbib Warning: Citation `huot2020deep' on page 3 undefined on input line 36.


Package natbib Warning: Citation `burge2020convolutional' on page 3 undefined on input line 37.


Package natbib Warning: Citation `pimont2021prediction' on page 3 undefined on input line 37.


Package natbib Warning: Citation `vaswani2021scaling' on page 3 undefined on input line 37.

[3]

Package natbib Warning: Citation `wu2013online' on page 4 undefined on input line 40.


Package natbib Warning: Citation `krebs2017survey' on page 4 undefined on input line 47.


LaTeX Warning: Reference `fig:figuretrackingmodel' on page 4 undefined on input line 47.

<figs/figuretrackingmodel.png, id=49, 1079.03125pt x 673.51625pt>
File: figs/figuretrackingmodel.png Graphic file (type png)
<use figs/figuretrackingmodel.png>
Package pdftex.def Info: figs/figuretrackingmodel.png  used on input line 50.
(pdftex.def)             Requested size: 364.67598pt x 227.62204pt.
) (./section/3_objectives.tex [4 <c:/Users/Linhan/Documents/dev/giao/papers/writtings/proposal/Proposal001_qiao/figs/figurepredictionmodel.png>] [5 <c:/Users/Linhan/Documents/dev/giao/papers/writtings/proposal/Proposal001_qiao/figs/figuretrackingmodel.png>]) (./section/4_methodologies.tex

LaTeX Warning: Reference `fig:figureUnetmodel' on page 6 undefined on input line 3.

<figs/figureUnetmodel.png, id=66, 2161.8366pt x 1100.4312pt>
File: figs/figureUnetmodel.png Graphic file (type png)
<use figs/figureUnetmodel.png>
Package pdftex.def Info: figs/figureUnetmodel.png  used on input line 6.
(pdftex.def)             Requested size: 335.3781pt x 170.71652pt.

LaTeX Warning: Reference `fig:figureUnetmodel' on page 6 undefined on input line 10.


LaTeX Warning: Reference `table: fcnforunet' on page 6 undefined on input line 10.

LaTeX Font Info:    Font shape `U/lasy/b/n' in size <8> not available
(Font)              Font shape `U/lasy/m/n' tried instead on input line 150.
LaTeX Font Info:    Font shape `U/lasy/b/n' in size <6> not available
(Font)              Font shape `U/lasy/m/n' tried instead on input line 150.
./section/4_methodologies.tex:150: Missing $ inserted.
<inserted text> 
                $
l.150         \end{tabular}}
                            
I've inserted a begin-math/end-math symbol since I think
you left one out. Proceed, with fingers crossed.

./section/4_methodologies.tex:150: Missing $ inserted.
<inserted text> 
                $
l.150         \end{tabular}}
                            
I've inserted something that you may have forgotten.
(See the <inserted text> above.)
With luck, this will get me unwedged. But if you
really didn't forget anything, try typing `2' now; then
my insertion and my current dilemma will both disappear.

./section/4_methodologies.tex:150: Missing $ inserted.
<inserted text> 
                $
l.150         \end{tabular}}
                            
I've inserted a begin-math/end-math symbol since I think
you left one out. Proceed, with fingers crossed.

./section/4_methodologies.tex:150: Missing $ inserted.
<inserted text> 
                $
l.150         \end{tabular}}
                            
I've inserted something that you may have forgotten.
(See the <inserted text> above.)
With luck, this will get me unwedged. But if you
really didn't forget anything, try typing `2' now; then
my insertion and my current dilemma will both disappear.

./section/4_methodologies.tex:150: Missing $ inserted.
<inserted text> 
                $
l.150         \end{tabular}}
                            
I've inserted a begin-math/end-math symbol since I think
you left one out. Proceed, with fingers crossed.

./section/4_methodologies.tex:150: Missing $ inserted.
<inserted text> 
                $
l.150         \end{tabular}}
                            
I've inserted something that you may have forgotten.
(See the <inserted text> above.)
With luck, this will get me unwedged. But if you
really didn't forget anything, try typing `2' now; then
my insertion and my current dilemma will both disappear.

./section/4_methodologies.tex:150: Missing $ inserted.
<inserted text> 
                $
l.150         \end{tabular}}
                            
I've inserted a begin-math/end-math symbol since I think
you left one out. Proceed, with fingers crossed.

./section/4_methodologies.tex:150: Missing $ inserted.
<inserted text> 
                $
l.150         \end{tabular}}
                            
I've inserted something that you may have forgotten.
(See the <inserted text> above.)
With luck, this will get me unwedged. But if you
really didn't forget anything, try typing `2' now; then
my insertion and my current dilemma will both disappear.

./section/4_methodologies.tex:150: Missing $ inserted.
<inserted text> 
                $
l.150         \end{tabular}}
                            
I've inserted a begin-math/end-math symbol since I think
you left one out. Proceed, with fingers crossed.

./section/4_methodologies.tex:150: Missing $ inserted.
<inserted text> 
                $
l.150         \end{tabular}}
                            
I've inserted something that you may have forgotten.
(See the <inserted text> above.)
With luck, this will get me unwedged. But if you
really didn't forget anything, try typing `2' now; then
my insertion and my current dilemma will both disappear.

./section/4_methodologies.tex:150: Missing $ inserted.
<inserted text> 
                $
l.150         \end{tabular}}
                            
I've inserted a begin-math/end-math symbol since I think
you left one out. Proceed, with fingers crossed.

./section/4_methodologies.tex:150: Missing $ inserted.
<inserted text> 
                $
l.150         \end{tabular}}
                            
I've inserted something that you may have forgotten.
(See the <inserted text> above.)
With luck, this will get me unwedged. But if you
really didn't forget anything, try typing `2' now; then
my insertion and my current dilemma will both disappear.

./section/4_methodologies.tex:150: Missing $ inserted.
<inserted text> 
                $
l.150         \end{tabular}}
                            
I've inserted a begin-math/end-math symbol since I think
you left one out. Proceed, with fingers crossed.

./section/4_methodologies.tex:150: Missing $ inserted.
<inserted text> 
                $
l.150         \end{tabular}}
                            
I've inserted something that you may have forgotten.
(See the <inserted text> above.)
With luck, this will get me unwedged. But if you
really didn't forget anything, try typing `2' now; then
my insertion and my current dilemma will both disappear.

./section/4_methodologies.tex:150: Missing $ inserted.
<inserted text> 
                $
l.150         \end{tabular}}
                            
I've inserted a begin-math/end-math symbol since I think
you left one out. Proceed, with fingers crossed.

./section/4_methodologies.tex:150: Missing $ inserted.
<inserted text> 
                $
l.150         \end{tabular}}
                            
I've inserted something that you may have forgotten.
(See the <inserted text> above.)
With luck, this will get me unwedged. But if you
really didn't forget anything, try typing `2' now; then
my insertion and my current dilemma will both disappear.

./section/4_methodologies.tex:150: Missing $ inserted.
<inserted text> 
                $
l.150         \end{tabular}}
                            
I've inserted a begin-math/end-math symbol since I think
you left one out. Proceed, with fingers crossed.

./section/4_methodologies.tex:150: Missing $ inserted.
<inserted text> 
                $
l.150         \end{tabular}}
                            
I've inserted something that you may have forgotten.
(See the <inserted text> above.)
With luck, this will get me unwedged. But if you
really didn't forget anything, try typing `2' now; then
my insertion and my current dilemma will both disappear.

./section/4_methodologies.tex:150: Missing $ inserted.
<inserted text> 
                $
l.150         \end{tabular}}
                            
I've inserted a begin-math/end-math symbol since I think
you left one out. Proceed, with fingers crossed.

./section/4_methodologies.tex:150: Missing $ inserted.
<inserted text> 
                $
l.150         \end{tabular}}
                            
I've inserted something that you may have forgotten.
(See the <inserted text> above.)
With luck, this will get me unwedged. But if you
really didn't forget anything, try typing `2' now; then
my insertion and my current dilemma will both disappear.

./section/4_methodologies.tex:150: Missing $ inserted.
<inserted text> 
                $
l.150         \end{tabular}}
                            
I've inserted a begin-math/end-math symbol since I think
you left one out. Proceed, with fingers crossed.

./section/4_methodologies.tex:150: Missing $ inserted.
<inserted text> 
                $
l.150         \end{tabular}}
                            
I've inserted something that you may have forgotten.
(See the <inserted text> above.)
With luck, this will get me unwedged. But if you
really didn't forget anything, try typing `2' now; then
my insertion and my current dilemma will both disappear.

./section/4_methodologies.tex:150: Extra alignment tab has been changed to \cr.
<recently read> \endtemplate 
                             
l.150         \end{tabular}}
                            
You have given more \span or & marks than there were
in the preamble to the \halign or \valign now in progress.
So I'll assume that you meant to type \cr instead.

./section/4_methodologies.tex:150: Missing $ inserted.
<inserted text> 
                $
l.150         \end{tabular}}
                            
I've inserted a begin-math/end-math symbol since I think
you left one out. Proceed, with fingers crossed.

./section/4_methodologies.tex:150: Missing $ inserted.
<inserted text> 
                $
l.150         \end{tabular}}
                            
I've inserted something that you may have forgotten.
(See the <inserted text> above.)
With luck, this will get me unwedged. But if you
really didn't forget anything, try typing `2' now; then
my insertion and my current dilemma will both disappear.

./section/4_methodologies.tex:150: Missing $ inserted.
<inserted text> 
                $
l.150         \end{tabular}}
                            
I've inserted a begin-math/end-math symbol since I think
you left one out. Proceed, with fingers crossed.

./section/4_methodologies.tex:150: Missing $ inserted.
<inserted text> 
                $
l.150         \end{tabular}}
                            
I've inserted something that you may have forgotten.
(See the <inserted text> above.)
With luck, this will get me unwedged. But if you
really didn't forget anything, try typing `2' now; then
my insertion and my current dilemma will both disappear.

./section/4_methodologies.tex:150: Missing $ inserted.
<inserted text> 
                $
l.150         \end{tabular}}
                            
I've inserted a begin-math/end-math symbol since I think
you left one out. Proceed, with fingers crossed.

./section/4_methodologies.tex:150: Missing $ inserted.
<inserted text> 
                $
l.150         \end{tabular}}
                            
I've inserted something that you may have forgotten.
(See the <inserted text> above.)
With luck, this will get me unwedged. But if you
really didn't forget anything, try typing `2' now; then
my insertion and my current dilemma will both disappear.

./section/4_methodologies.tex:150: Missing $ inserted.
<inserted text> 
                $
l.150         \end{tabular}}
                            
I've inserted a begin-math/end-math symbol since I think
you left one out. Proceed, with fingers crossed.

./section/4_methodologies.tex:150: Missing $ inserted.
<inserted text> 
                $
l.150         \end{tabular}}
                            
I've inserted something that you may have forgotten.
(See the <inserted text> above.)
With luck, this will get me unwedged. But if you
really didn't forget anything, try typing `2' now; then
my insertion and my current dilemma will both disappear.

./section/4_methodologies.tex:150: Missing $ inserted.
<inserted text> 
                $
l.150         \end{tabular}}
                            
I've inserted a begin-math/end-math symbol since I think
you left one out. Proceed, with fingers crossed.

./section/4_methodologies.tex:150: Missing $ inserted.
<inserted text> 
                $
l.150         \end{tabular}}
                            
I've inserted something that you may have forgotten.
(See the <inserted text> above.)
With luck, this will get me unwedged. But if you
really didn't forget anything, try typing `2' now; then
my insertion and my current dilemma will both disappear.

./section/4_methodologies.tex:150: Missing $ inserted.
<inserted text> 
                $
l.150         \end{tabular}}
                            
I've inserted a begin-math/end-math symbol since I think
you left one out. Proceed, with fingers crossed.

./section/4_methodologies.tex:150: Missing $ inserted.
<inserted text> 
                $
l.150         \end{tabular}}
                            
I've inserted something that you may have forgotten.
(See the <inserted text> above.)
With luck, this will get me unwedged. But if you
really didn't forget anything, try typing `2' now; then
my insertion and my current dilemma will both disappear.

./section/4_methodologies.tex:150: Extra alignment tab has been changed to \cr.
<recently read> \endtemplate 
                             
l.150         \end{tabular}}
                            
You have given more \span or & marks than there were
in the preamble to the \halign or \valign now in progress.
So I'll assume that you meant to type \cr instead.

./section/4_methodologies.tex:150: Missing $ inserted.
<inserted text> 
                $
l.150         \end{tabular}}
                            
I've inserted a begin-math/end-math symbol since I think
you left one out. Proceed, with fingers crossed.

./section/4_methodologies.tex:150: Missing $ inserted.
<inserted text> 
                $
l.150         \end{tabular}}
                            
I've inserted something that you may have forgotten.
(See the <inserted text> above.)
With luck, this will get me unwedged. But if you
really didn't forget anything, try typing `2' now; then
my insertion and my current dilemma will both disappear.

./section/4_methodologies.tex:150: Missing $ inserted.
<inserted text> 
                $
l.150         \end{tabular}}
                            
I've inserted a begin-math/end-math symbol since I think
you left one out. Proceed, with fingers crossed.

./section/4_methodologies.tex:150: Missing $ inserted.
<inserted text> 
                $
l.150         \end{tabular}}
                            
I've inserted something that you may have forgotten.
(See the <inserted text> above.)
With luck, this will get me unwedged. But if you
really didn't forget anything, try typing `2' now; then
my insertion and my current dilemma will both disappear.

./section/4_methodologies.tex:150: Missing $ inserted.
<inserted text> 
                $
l.150         \end{tabular}}
                            
I've inserted a begin-math/end-math symbol since I think
you left one out. Proceed, with fingers crossed.

./section/4_methodologies.tex:150: Missing $ inserted.
<inserted text> 
                $
l.150         \end{tabular}}
                            
I've inserted something that you may have forgotten.
(See the <inserted text> above.)
With luck, this will get me unwedged. But if you
really didn't forget anything, try typing `2' now; then
my insertion and my current dilemma will both disappear.

./section/4_methodologies.tex:150: Missing $ inserted.
<inserted text> 
                $
l.150         \end{tabular}}
                            
I've inserted a begin-math/end-math symbol since I think
you left one out. Proceed, with fingers crossed.

./section/4_methodologies.tex:150: Missing $ inserted.
<inserted text> 
                $
l.150         \end{tabular}}
                            
I've inserted something that you may have forgotten.
(See the <inserted text> above.)
With luck, this will get me unwedged. But if you
really didn't forget anything, try typing `2' now; then
my insertion and my current dilemma will both disappear.

./section/4_methodologies.tex:150: Missing $ inserted.
<inserted text> 
                $
l.150         \end{tabular}}
                            
I've inserted a begin-math/end-math symbol since I think
you left one out. Proceed, with fingers crossed.

./section/4_methodologies.tex:150: Missing $ inserted.
<inserted text> 
                $
l.150         \end{tabular}}
                            
I've inserted something that you may have forgotten.
(See the <inserted text> above.)
With luck, this will get me unwedged. But if you
really didn't forget anything, try typing `2' now; then
my insertion and my current dilemma will both disappear.

./section/4_methodologies.tex:150: Missing $ inserted.
<inserted text> 
                $
l.150         \end{tabular}}
                            
I've inserted a begin-math/end-math symbol since I think
you left one out. Proceed, with fingers crossed.

./section/4_methodologies.tex:150: Missing $ inserted.
<inserted text> 
                $
l.150         \end{tabular}}
                            
I've inserted something that you may have forgotten.
(See the <inserted text> above.)
With luck, this will get me unwedged. But if you
really didn't forget anything, try typing `2' now; then
my insertion and my current dilemma will both disappear.

[6 <c:/Users/Linhan/Documents/dev/giao/papers/writtings/proposal/Proposal001_qiao/figs/figureUnetmodel.png (PNG copy)>]

Package natbib Warning: Citation `peng2019real' on page 7 undefined on input line 154.


LaTeX Warning: Reference `fig:figureSqueezemodel' on page 7 undefined on input line 156.


LaTeX Warning: Reference `fig:figureGANmodel' on page 7 undefined on input line 163.

<figs/figureGANmodel.jpg, id=74, 517.18219pt x 181.42781pt>
File: figs/figureGANmodel.jpg Graphic file (type jpg)
<use figs/figureGANmodel.jpg>
Package pdftex.def Info: figs/figureGANmodel.jpg  used on input line 166.
(pdftex.def)             Requested size: 324.43759pt x 113.81102pt.

LaTeX Warning: Reference `eq: MSE' on page 7 undefined on input line 170.

[7]

LaTeX Warning: Reference `eq: valueloss' on page 8 undefined on input line 176.

) (./section/5_timeline.tex

LaTeX Warning: Reference `table:timeline' on page 8 undefined on input line 2.

) (./section/6_conclusion.tex [8 <c:/Users/Linhan/Documents/dev/giao/papers/writtings/proposal/Proposal001_qiao/figs/figureGANmodel.jpg>]) [9]
No file Concordia_proposal.bbl.
(./section/z_appendix.tex

LaTeX Warning: Reference `table:timeline' on page I undefined on input line 2.


LaTeX Warning: Reference `timeline' on page I undefined on input line 2.


LaTeX Warning: Reference `table:GANprogram' on page I undefined on input line 4.


LaTeX Warning: Reference `fig:GANlosscompare' on page I undefined on input line 26.



pdfTeX warning: pdflatex.exe (file c:/Users/Linhan/Documents/dev/giao/papers/writtings/proposal/Proposal001_qiao/figs/GANlosscompare.pdf): PDF inclusion: found PDF version <1.7>, but at most version <1.5> allowed
<figs/GANlosscompare.pdf, id=107, 844.15375pt x 291.0875pt>
File: figs/GANlosscompare.pdf Graphic file (type pdf)
<use figs/GANlosscompare.pdf>
Package pdftex.def Info: figs/GANlosscompare.pdf  used on input line 29.
(pdftex.def)             Requested size: 412.56985pt x 142.26378pt.

LaTeX Warning: Reference `fig:GANoutcompare' on page I undefined on input line 33.



pdfTeX warning: pdflatex.exe (file c:/Users/Linhan/Documents/dev/giao/papers/writtings/proposal/Proposal001_qiao/figs/GANoutcompare.pdf): PDF inclusion: found PDF version <1.7>, but at most version <1.5> allowed
<figs/GANoutcompare.pdf, id=108, 863.225pt x 422.57875pt>
File: figs/GANoutcompare.pdf Graphic file (type pdf)
<use figs/GANoutcompare.pdf>
Package pdftex.def Info: figs/GANoutcompare.pdf  used on input line 36.
(pdftex.def)             Requested size: 348.73488pt x 170.71652pt.

LaTeX Warning: Reference `table:classprogram' on page I undefined on input line 42.


LaTeX Warning: Reference `fig:classresnetattention' on page I undefined on input line 42.

<figs/classrensnet.png, id=109, 279.0425pt x 295.1025pt>
File: figs/classrensnet.png Graphic file (type png)
<use figs/classrensnet.png>
Package pdftex.def Info: figs/classrensnet.png  used on input line 69.
(pdftex.def)             Requested size: 142.26378pt x 150.45525pt.
<figs/classattention.png, id=110, 250.9375pt x 258.9675pt>
File: figs/classattention.png Graphic file (type png)
<use figs/classattention.png>
Package pdftex.def Info: figs/classattention.png  used on input line 74.
(pdftex.def)             Requested size: 142.26378pt x 146.8227pt.
<figs/classattention2.png, id=111, 438.63875pt x 258.9675pt>
File: figs/classattention2.png Graphic file (type png)
<use figs/classattention2.png>
Package pdftex.def Info: figs/classattention2.png  used on input line 79.
(pdftex.def)             Requested size: 142.2614pt x 142.27054pt.
[1 <c:/Users/Linhan/Documents/dev/giao/papers/writtings/proposal/Proposal001_qiao/figs/GANlosscompare.pdf>]

LaTeX Warning: Reference `table:segprogram' on page II undefined on input line 88.

[2 <c:/Users/Linhan/Documents/dev/giao/papers/writtings/proposal/Proposal001_qiao/figs/GANoutcompare.pdf>]

LaTeX Warning: Reference `fig:segmentationGround' on page III undefined on input line 113.

<figs/ain1.png, id=156, 255.95625pt x 255.95625pt>
File: figs/ain1.png Graphic file (type png)
<use figs/ain1.png>
Package pdftex.def Info: figs/ain1.png  used on input line 118.
(pdftex.def)             Requested size: 108.12047pt x 108.11797pt.
<figs/ain2.png, id=157, 255.95625pt x 255.95625pt>
File: figs/ain2.png Graphic file (type png)
<use figs/ain2.png>
Package pdftex.def Info: figs/ain2.png  used on input line 122.
(pdftex.def)             Requested size: 108.12047pt x 108.11797pt.
<figs/ain3.png, id=158, 255.95625pt x 255.95625pt>
File: figs/ain3.png Graphic file (type png)
<use figs/ain3.png>
Package pdftex.def Info: figs/ain3.png  used on input line 126.
(pdftex.def)             Requested size: 108.12047pt x 108.11797pt.
<figs/ain4.png, id=159, 255.95625pt x 255.95625pt>
File: figs/ain4.png Graphic file (type png)
<use figs/ain4.png>
Package pdftex.def Info: figs/ain4.png  used on input line 130.
(pdftex.def)             Requested size: 108.12047pt x 108.11797pt.
<figs/aunet1.png, id=160, 263.98625pt x 252.945pt>
File: figs/aunet1.png Graphic file (type png)
<use figs/aunet1.png>
Package pdftex.def Info: figs/aunet1.png  used on input line 134.
(pdftex.def)             Requested size: 116.6563pt x 111.77473pt.
<figs/aunet2.png, id=161, 263.98625pt x 252.945pt>
File: figs/aunet2.png Graphic file (type png)
<use figs/aunet2.png>
Package pdftex.def Info: figs/aunet2.png  used on input line 138.
(pdftex.def)             Requested size: 116.6563pt x 111.77473pt.
<figs/aunet3.png, id=162, 263.98625pt x 252.945pt>
File: figs/aunet3.png Graphic file (type png)
<use figs/aunet3.png>
Package pdftex.def Info: figs/aunet3.png  used on input line 142.
(pdftex.def)             Requested size: 116.6563pt x 111.77473pt.
<figs/aunet4.png, id=163, 263.98625pt x 252.945pt>
File: figs/aunet4.png Graphic file (type png)
<use figs/aunet4.png>
Package pdftex.def Info: figs/aunet4.png  used on input line 146.
(pdftex.def)             Requested size: 116.6563pt x 111.77473pt.
<figs/atunet1.png, id=164, 263.98625pt x 252.945pt>
File: figs/atunet1.png Graphic file (type png)
<use figs/atunet1.png>
Package pdftex.def Info: figs/atunet1.png  used on input line 150.
(pdftex.def)             Requested size: 116.6563pt x 111.77473pt.
<figs/atunet2.png, id=165, 263.98625pt x 252.945pt>
File: figs/atunet2.png Graphic file (type png)
<use figs/atunet2.png>
Package pdftex.def Info: figs/atunet2.png  used on input line 154.
(pdftex.def)             Requested size: 116.6563pt x 111.77473pt.
<figs/atunet3.png, id=166, 263.98625pt x 252.945pt>
File: figs/atunet3.png Graphic file (type png)
<use figs/atunet3.png>
Package pdftex.def Info: figs/atunet3.png  used on input line 158.
(pdftex.def)             Requested size: 116.6563pt x 111.77473pt.
<figs/atunet4.png, id=167, 263.98625pt x 252.945pt>
File: figs/atunet4.png Graphic file (type png)
<use figs/atunet4.png>
Package pdftex.def Info: figs/atunet4.png  used on input line 162.
(pdftex.def)             Requested size: 116.6563pt x 111.77473pt.

LaTeX Warning: Reference `fig:segmentationUAV' on page III undefined on input line 167.

<figs/test.jpg, id=168, 496.85625pt x 158.09062pt>
File: figs/test.jpg Graphic file (type jpg)
<use figs/test.jpg>
Package pdftex.def Info: figs/test.jpg  used on input line 170.
(pdftex.def)             Requested size: 357.6983pt x 113.81102pt.
[3 <c:/Users/Linhan/Documents/dev/giao/papers/writtings/proposal/Proposal001_qiao/figs/classrensnet.png> <c:/Users/Linhan/Documents/dev/giao/papers/writtings/proposal/Proposal001_qiao/figs/classattention.png> <c:/Users/Linhan/Documents/dev/giao/papers/writtings/proposal/Proposal001_qiao/figs/classattention2.png>]

LaTeX Warning: Reference `fig:prediction' on page IV undefined on input line 175.

)

Package natbib Warning: There were undefined citations.

[4 <c:/Users/Linhan/Documents/dev/giao/papers/writtings/proposal/Proposal001_qiao/figs/ain1.png (PNG copy)> <c:/Users/Linhan/Documents/dev/giao/papers/writtings/proposal/Proposal001_qiao/figs/ain2.png (PNG copy)> <c:/Users/Linhan/Documents/dev/giao/papers/writtings/proposal/Proposal001_qiao/figs/ain3.png (PNG copy)> <c:/Users/Linhan/Documents/dev/giao/papers/writtings/proposal/Proposal001_qiao/figs/ain4.png (PNG copy)> <c:/Users/Linhan/Documents/dev/giao/papers/writtings/proposal/Proposal001_qiao/figs/aunet1.png> <c:/Users/Linhan/Documents/dev/giao/papers/writtings/proposal/Proposal001_qiao/figs/aunet2.png> <c:/Users/Linhan/Documents/dev/giao/papers/writtings/proposal/Proposal001_qiao/figs/aunet3.png> <c:/Users/Linhan/Documents/dev/giao/papers/writtings/proposal/Proposal001_qiao/figs/aunet4.png> <c:/Users/Linhan/Documents/dev/giao/papers/writtings/proposal/Proposal001_qiao/figs/atunet1.png> <c:/Users/Linhan/Documents/dev/giao/papers/writtings/proposal/Proposal001_qiao/figs/atunet2.png> <c:/Users/Linhan/Documents/dev/giao/papers/writtings/proposal/Proposal001_qiao/figs/atunet3.png> <c:/Users/Linhan/Documents/dev/giao/papers/writtings/proposal/Proposal001_qiao/figs/atunet4.png>] [5 <c:/Users/Linhan/Documents/dev/giao/papers/writtings/proposal/Proposal001_qiao/figs/test.jpg>] (c:/Users/Linhan/Documents/dev/giao/papers/writtings/proposal/Proposal001_qiao/Concordia_proposal.aux (c:/Users/Linhan/Documents/dev/giao/papers/writtings/proposal/Proposal001_qiao/./title/Title.aux) (c:/Users/Linhan/Documents/dev/giao/papers/writtings/proposal/Proposal001_qiao/./section/0_abstract.aux))

LaTeX Warning: There were undefined references.


LaTeX Warning: Label(s) may have changed. Rerun to get cross-references right.


Package rerunfilecheck Warning: File `Concordia_proposal.out' has changed.
(rerunfilecheck)                Rerun to get outlines right
(rerunfilecheck)                or use package `bookmark'.

Package rerunfilecheck Info: Checksums for `Concordia_proposal.out':
(rerunfilecheck)             Before: <no file>
(rerunfilecheck)             After:  B8E1453C1F95FDB8622EBD1DD3A44CF5;3783.
 ) 
Here is how much of TeX's memory you used:
 24174 strings out of 478994
 427621 string characters out of 5862206
 748945 words of memory out of 5000000
 41084 multiletter control sequences out of 15000+600000
 424078 words of font info for 108 fonts, out of 8000000 for 9000
 1141 hyphenation exceptions out of 8191
 87i,19n,131p,1159b,612s stack positions out of 5000i,500n,10000p,200000b,80000s
{c:/texlive/2021/texmf-dist/fonts/enc/dvips/cm-super/cm-super-ts1.enc}<c:/texlive/2021/texmf-dist/fonts/type1/public/amsfonts/cm/cmbx10.pfb><c:/texlive/2021/texmf-dist/fonts/type1/public/amsfonts/cm/cmbx12.pfb><c:/texlive/2021/texmf-dist/fonts/type1/public/amsfonts/cm/cmbxti10.pfb><c:/texlive/2021/texmf-dist/fonts/type1/public/amsfonts/cm/cmex10.pfb><c:/texlive/2021/texmf-dist/fonts/type1/public/amsfonts/cm/cmmi10.pfb><c:/texlive/2021/texmf-dist/fonts/type1/public/amsfonts/cm/cmmi12.pfb><c:/texlive/2021/texmf-dist/fonts/type1/public/amsfonts/cm/cmmi6.pfb><c:/texlive/2021/texmf-dist/fonts/type1/public/amsfonts/cm/cmmi8.pfb><c:/texlive/2021/texmf-dist/fonts/type1/public/amsfonts/cm/cmr10.pfb><c:/texlive/2021/texmf-dist/fonts/type1/public/amsfonts/cm/cmr12.pfb><c:/texlive/2021/texmf-dist/fonts/type1/public/amsfonts/cm/cmr8.pfb><c:/texlive/2021/texmf-dist/fonts/type1/public/amsfonts/cm/cmsy10.pfb><c:/texlive/2021/texmf-dist/fonts/type1/public/amsfonts/cm/cmti10.pfb><c:/texlive/2021/texmf-dist/fonts/type1/public/cm-super/sfrm1095.pfb>
Output written on c:/Users/Linhan/Documents/dev/giao/papers/writtings/proposal/Proposal001_qiao/Concordia_proposal.pdf (17 pages, 5743169 bytes).
PDF statistics:
 258 PDF objects out of 1000 (max. 8388607)
 172 compressed objects within 2 object streams
 58 named destinations out of 1000 (max. 500000)
 133 words of extra memory for PDF output out of 10000 (max. 10000000)

