\BOOKMARK [1][-]{section.1}{\376\377\000I\000n\000t\000r\000o\000d\000u\000c\000t\000i\000o\000n}{}% 1
\BOOKMARK [1][-]{section.2}{\376\377\000R\000e\000l\000a\000t\000e\000d\000\040\000W\000o\000r\000k\000s\000\040\000a\000n\000d\000\040\000M\000o\000t\000i\000v\000a\000t\000i\000o\000n}{}% 2
\BOOKMARK [2][-]{subsection.2.1}{\376\377\000N\000N\000-\000b\000a\000s\000e\000d\000\040\000W\000i\000l\000d\000f\000i\000r\000e\000\040\000D\000e\000t\000e\000c\000t\000i\000o\000n\000\040\000S\000c\000h\000e\000m\000e\000s}{section.2}% 3
\BOOKMARK [2][-]{subsection.2.2}{\376\377\000W\000i\000l\000d\000f\000i\000r\000e\000\040\000P\000r\000e\000d\000i\000c\000t\000i\000o\000n\000\040\000S\000c\000h\000e\000m\000e\000s}{section.2}% 4
\BOOKMARK [2][-]{subsection.2.3}{\376\377\000V\000i\000s\000i\000o\000n\000-\000b\000a\000s\000e\000d\000\040\000W\000i\000l\000d\000f\000i\000r\000e\000\040\000T\000r\000a\000c\000k\000i\000n\000g\000\040\000S\000c\000h\000e\000m\000e\000s}{section.2}% 5
\BOOKMARK [1][-]{section.3}{\376\377\000S\000c\000o\000p\000e\000\040\000a\000n\000d\000\040\000O\000b\000j\000e\000c\000t\000i\000v\000e\000s}{}% 6
\BOOKMARK [1][-]{section.4}{\376\377\000M\000e\000t\000h\000o\000d\000o\000l\000o\000g\000i\000e\000s}{}% 7
\BOOKMARK [2][-]{subsection.4.1}{\376\377\000U\000-\000n\000e\000t\000-\000b\000a\000s\000e\000d\000\040\000W\000i\000l\000d\000f\000i\000r\000e\000\040\000D\000e\000t\000e\000c\000t\000i\000o\000n}{section.4}% 8
\BOOKMARK [2][-]{subsection.4.2}{\376\377\000S\000q\000u\000e\000e\000z\000e\000\040\000M\000o\000d\000e\000l}{section.4}% 9
\BOOKMARK [3][-]{subsubsection.4.2.1}{\376\377\000S\000q\000u\000e\000e\000z\000e\000\040\000M\000o\000d\000e\000l}{subsection.4.2}% 10
\BOOKMARK [3][-]{subsubsection.4.2.2}{\376\377\000A\000t\000t\000e\000n\000t\000i\000o\000n\000\040\000M\000e\000c\000h\000a\000n\000i\000s\000m}{subsection.4.2}% 11
\BOOKMARK [2][-]{subsection.4.3}{\376\377\000G\000A\000N\000-\000b\000a\000s\000e\000d\000\040\000W\000i\000l\000d\000f\000i\000r\000e\000\040\000I\000m\000a\000g\000e\000\040\000R\000e\000s\000t\000o\000r\000a\000t\000i\000o\000n}{section.4}% 12
\BOOKMARK [2][-]{subsection.4.4}{\376\377\000C\000e\000l\000l\000u\000l\000a\000r\000\040\000M\000o\000d\000e\000l\000\040\000f\000o\000r\000\040\000W\000i\000l\000d\000f\000i\000r\000e\000\040\000P\000r\000e\000d\000i\000c\000t\000i\000o\000n}{section.4}% 13
\BOOKMARK [2][-]{subsection.4.5}{\376\377\000V\000O\000T\000-\000b\000a\000s\000e\000d\000\040\000W\000i\000l\000d\000f\000i\000r\000e\000\040\000T\000r\000a\000c\000k\000i\000n\000g}{section.4}% 14
\BOOKMARK [1][-]{section.5}{\376\377\000T\000i\000m\000e\000l\000i\000n\000e}{}% 15
\BOOKMARK [1][-]{section.6}{\376\377\000A\000n\000t\000i\000c\000i\000p\000a\000t\000e\000d\000\040\000S\000i\000g\000n\000i\000f\000i\000c\000a\000n\000c\000e\000\040\000o\000f\000\040\000t\000h\000e\000\040\000W\000o\000r\000k}{}% 16
\BOOKMARK [1][-]{section.7}{\376\377\000A\000p\000p\000e\000n\000d\000i\000x\000:\000\040\000P\000r\000o\000c\000e\000s\000s\000\040\000t\000o\000\040\000D\000a\000t\000e}{}% 17
\BOOKMARK [2][-]{subsection.7.1}{\376\377\000W\000i\000l\000d\000f\000i\000r\000e\000\040\000I\000m\000a\000g\000e\000\040\000R\000e\000s\000t\000o\000r\000a\000t\000i\000o\000n}{section.7}% 18
\BOOKMARK [2][-]{subsection.7.2}{\376\377\000W\000i\000l\000d\000f\000i\000r\000e\000\040\000C\000l\000a\000s\000s\000i\000f\000i\000c\000a\000t\000i\000o\000n}{section.7}% 19
\BOOKMARK [2][-]{subsection.7.3}{\376\377\000W\000i\000l\000d\000f\000i\000r\000e\000\040\000S\000e\000g\000m\000e\000n\000t\000a\000t\000i\000o\000n}{section.7}% 20
\BOOKMARK [2][-]{subsection.7.4}{\376\377\000W\000i\000l\000d\000f\000i\000r\000e\000\040\000P\000r\000e\000d\000i\000c\000t\000i\000o\000n}{section.7}% 21
